# JRE version: OpenJDK Runtime Environment Temurin-17.0.6+10 (17.0.6+10) (build 17.0.6+10)
# Java VM: OpenJDK 64-Bit Server VM Temurin-17.0.6+10 (17.0.6+10, mixed mode, emulated-client, tiered, compressed oops, compressed class ptrs, g1 gc, windows-amd64)
GC Precious Log:
 CPUs: 4 total, 4 available
 Memory: 6038M
 Large Page Support: Disabled
 NUMA Support: Disabled
 Compressed Oops: Enabled (32-bit)
 Heap Region Size: 1M
 Heap Min Capacity: 8M
 Heap Initial Capacity: 96M
 Heap Max Capacity: 1510M
 Pre-touch: Disabled
 Parallel Workers: 4
 Concurrent Workers: 1
 Concurrent Refinement Workers: 4
 Periodic GC: Disabled
Heap:
 garbage-first heap   total 270336K, used 86423K [0x00000000a1a00000, 0x0000000100000000)
  region size 1024K, 1 young (1024K), 0 survivors (0K)
 Metaspace       used 71202K, committed 71744K, reserved 1114112K
  class space    used 9653K, committed 9920K, reserved 1048576K
GC Heap History (20 events):
Event: 15245.970 GC heap before
{Heap before GC invocations=1478 (full 1243):
 garbage-first heap   total 270336K, used 86423K [0x00000000a1a00000, 0x0000000100000000)
  region size 1024K, 1 young (1024K), 0 survivors (0K)
 Metaspace       used 71202K, committed 71744K, reserved 1114112K
  class space    used 9653K, committed 9920K, reserved 1048576K
}
Event: 15246.077 GC heap after
{Heap after GC invocations=1479 (full 1244):
 garbage-first heap   total 270336K, used 86423K [0x00000000a1a00000, 0x0000000100000000)
  region size 1024K, 0 young (0K), 0 survivors (0K)
 Metaspace       used 71202K, committed 71744K, reserved 1114112K
  class space    used 9653K, committed 9920K, reserved 1048576K
}
Event: 15256.266 GC heap before
{Heap before GC invocations=1479 (full 1244):
 garbage-first heap   total 270336K, used 86423K [0x00000000a1a00000, 0x0000000100000000)
  region size 1024K, 1 young (1024K), 0 survivors (0K)
 Metaspace       used 71202K, committed 71744K, reserved 1114112K
  class space    used 9653K, committed 9920K, reserved 1048576K
}
Event: 15256.371 GC heap after
{Heap after GC invocations=1480 (full 1245):
 garbage-first heap   total 270336K, used 86423K [0x00000000a1a00000, 0x0000000100000000)
  region size 1024K, 0 young (0K), 0 survivors (0K)
 Metaspace       used 71202K, committed 71744K, reserved 1114112K
  class space    used 9653K, committed 9920K, reserved 1048576K
}
Event: 15266.528 GC heap before
{Heap before GC invocations=1480 (full 1245):
 garbage-first heap   total 270336K, used 86423K [0x00000000a1a00000, 0x0000000100000000)
  region size 1024K, 1 young (1024K), 0 survivors (0K)
 Metaspace       used 71202K, committed 71744K, reserved 1114112K
  class space    used 9653K, committed 9920K, reserved 1048576K
}
Event: 15266.621 GC heap after
{Heap after GC invocations=1481 (full 1246):
 garbage-first heap   total 270336K, used 86423K [0x00000000a1a00000, 0x0000000100000000)
  region size 1024K, 0 young (0K), 0 survivors (0K)
 Metaspace       used 71202K, committed 71744K, reserved 1114112K
  class space    used 9653K, committed 9920K, reserved 1048576K
}
Event: 15276.745 GC heap before
{Heap before GC invocations=1481 (full 1246):
 garbage-first heap   total 270336K, used 86423K [0x00000000a1a00000, 0x0000000100000000)
  region size 1024K, 1 young (1024K), 0 survivors (0K)
 Metaspace       used 71202K, committed 71744K, reserved 1114112K
  class space    used 9653K, committed 9920K, reserved 1048576K
}
Event: 15276.838 GC heap after
{Heap after GC invocations=1482 (full 1247):
 garbage-first heap   total 270336K, used 86423K [0x00000000a1a00000, 0x0000000100000000)
  region size 1024K, 0 young (0K), 0 survivors (0K)
 Metaspace       used 71202K, committed 71744K, reserved 1114112K
  class space    used 9653K, committed 9920K, reserved 1048576K
}
Event: 15286.967 GC heap before
{Heap before GC invocations=1482 (full 1247):
 garbage-first heap   total 270336K, used 86423K [0x00000000a1a00000, 0x0000000100000000)
  region size 1024K, 1 young (1024K), 0 survivors (0K)
 Metaspace       used 71202K, committed 71744K, reserved 1114112K
  class space    used 9653K, committed 9920K, reserved 1048576K
}
Event: 15287.066 GC heap after
{Heap after GC invocations=1483 (full 1248):
 garbage-first heap   total 270336K, used 86423K [0x00000000a1a00000, 0x0000000100000000)
  region size 1024K, 0 young (0K), 0 survivors (0K)
 Metaspace       used 71202K, committed 71744K, reserved 1114112K
  class space    used 9653K, committed 9920K, reserved 1048576K
}
Event: 15297.230 GC heap before
{Heap before GC invocations=1483 (full 1248):
 garbage-first heap   total 270336K, used 86423K [0x00000000a1a00000, 0x0000000100000000)
  region size 1024K, 1 young (1024K), 0 survivors (0K)
 Metaspace       used 71202K, committed 71744K, reserved 1114112K
  class space    used 9653K, committed 9920K, reserved 1048576K
}
Event: 15297.324 GC heap after
{Heap after GC invocations=1484 (full 1249):
 garbage-first heap   total 270336K, used 86423K [0x00000000a1a00000, 0x0000000100000000)
  region size 1024K, 0 young (0K), 0 survivors (0K)
 Metaspace       used 71202K, committed 71744K, reserved 1114112K
  class space    used 9653K, committed 9920K, reserved 1048576K
}
Event: 15307.610 GC heap before
{Heap before GC invocations=1484 (full 1249):
 garbage-first heap   total 270336K, used 86423K [0x00000000a1a00000, 0x0000000100000000)
  region size 1024K, 1 young (1024K), 0 survivors (0K)
 Metaspace       used 71202K, committed 71744K, reserved 1114112K
  class space    used 9653K, committed 9920K, reserved 1048576K
}
Event: 15307.716 GC heap after
{Heap after GC invocations=1485 (full 1250):
 garbage-first heap   total 270336K, used 86423K [0x00000000a1a00000, 0x0000000100000000)
  region size 1024K, 0 young (0K), 0 survivors (0K)
 Metaspace       used 71202K, committed 71744K, reserved 1114112K
  class space    used 9653K, committed 9920K, reserved 1048576K
}
Event: 15317.868 GC heap before
{Heap before GC invocations=1485 (full 1250):
 garbage-first heap   total 270336K, used 86423K [0x00000000a1a00000, 0x0000000100000000)
  region size 1024K, 1 young (1024K), 0 survivors (0K)
 Metaspace       used 71202K, committed 71744K, reserved 1114112K
  class space    used 9653K, committed 9920K, reserved 1048576K
}
Event: 15317.966 GC heap after
{Heap after GC invocations=1486 (full 1251):
 garbage-first heap   total 270336K, used 86423K [0x00000000a1a00000, 0x0000000100000000)
  region size 1024K, 0 young (0K), 0 survivors (0K)
 Metaspace       used 71202K, committed 71744K, reserved 1114112K
  class space    used 9653K, committed 9920K, reserved 1048576K
}
Event: 15328.150 GC heap before
{Heap before GC invocations=1486 (full 1251):
 garbage-first heap   total 270336K, used 86423K [0x00000000a1a00000, 0x0000000100000000)
  region size 1024K, 1 young (1024K), 0 survivors (0K)
 Metaspace       used 71202K, committed 71744K, reserved 1114112K
  class space    used 9653K, committed 9920K, reserved 1048576K
}
Event: 15328.247 GC heap after
{Heap after GC invocations=1487 (full 1252):
 garbage-first heap   total 270336K, used 86423K [0x00000000a1a00000, 0x0000000100000000)
  region size 1024K, 0 young (0K), 0 survivors (0K)
 Metaspace       used 71202K, committed 71744K, reserved 1114112K
  class space    used 9653K, committed 9920K, reserved 1048576K
}
Event: 15338.391 GC heap before
{Heap before GC invocations=1487 (full 1252):
 garbage-first heap   total 270336K, used 86423K [0x00000000a1a00000, 0x0000000100000000)
  region size 1024K, 1 young (1024K), 0 survivors (0K)
 Metaspace       used 71202K, committed 71744K, reserved 1114112K
  class space    used 9653K, committed 9920K, reserved 1048576K
}
Event: 15338.493 GC heap after
{Heap after GC invocations=1488 (full 1253):
 garbage-first heap   total 270336K, used 86423K [0x00000000a1a00000, 0x0000000100000000)
  region size 1024K, 0 young (0K), 0 survivors (0K)
 Metaspace       used 71202K, committed 71744K, reserved 1114112K
  class space    used 9653K, committed 9920K, reserved 1048576K
}

